Arguments: 
  C:\Program Files\nodejs\node.exe C:\Users\AKBAR LAPTOP\AppData\Roaming\npm\node_modules\yarn\bin\yarn.js add qrcode-terminal express

PATH: 
  C:\Program Files (x86)\VMware\VMware Player\bin\;C:\Windows\system32;C:\Windows;C:\Windows\System32\Wbem;C:\Windows\System32\WindowsPowerShell\v1.0\;C:\Windows\System32\OpenSSH\;C:\xampp\php;C:\ProgramData\ComposerSetup\bin;C:\Program Files\dotnet\;C:\Program Files\nodejs\;G:\Program Files\Git\cmd;G:\Muhammad Umar\heroku\bin;C:\Program Files\PuTTY\;C:\Users\AKBAR LAPTOP\AppData\Local\Microsoft\WindowsApps;C:\Users\AKBAR LAPTOP\AppData\Local\Programs\Microsoft VS Code\bin;C:\Users\AKBAR LAPTOP\AppData\Roaming\Composer\vendor\bin;C:\Users\AKBAR LAPTOP\AppData\Roaming\npm;C:\Program Files\heroku\bin;C:\MinGW\bin;G:\Muhammad Umar\heroku\bin;G:\Muhammad Umar\heroku\bin;C:\Users\Muhammad Umar\AppData\Roaming\npm;C:\Program Files\MongoDB\Server\6.0\bin\;C:\Users\AKBAR LAPTOP\AppData\Local\GitHubDesktop\bin

Yarn version: 
  1.22.19

Node version: 
  16.15.0

Platform: 
  win32 x64

Trace: 
  Error: EBUSY: resource busy or locked, rmdir 'D:\Open Source Github\Anonymous Whatsapp\node_modules\puppeteer'

npm manifest: 
  {
    "name": "khufia-paigham",
    "version": "1.0.0",
    "description": "Send Whatsapp Messages Anonymously",
    "main": "server.js",
    "author": "Mazan Labeeb",
    "license": "MIT",
    "private": false
  }

yarn manifest: 
  No manifest

Lockfile: 
  No lockfile
